{"type":["init_ps"],"time":["2022-05-09 11:00:50"],"user":["Lars Schmid"],"umph":[1652086850.0513],"ok":[true]}
,
{"type":["check_chunk"],"time":["2022-05-09 11:00:50"],"user":["Lars Schmid"],"umph":[1652086850.9096],"ok":[true],"chunk":[1],"ex":[1],"e.ind":[0],"code":["library(wooldridge)\ndata(wage1)\nhead(wage1)\nskim(wage1)"],"message":[""]}
,
{"type":["check_chunk"],"time":["2022-05-09 11:00:50"],"user":["Lars Schmid"],"umph":[1652086850.9206],"ok":[false],"chunk":[2],"ex":[1],"e.ind":[1],"code":["\n# enter your code here ...\n\n\n# enter your code here ...\n"],"message":["\nYou have not yet made an assignment to reg1 in chunk 1_b."]}
,
{"type":["check_ps"],"time":["2022-05-09 11:02:38"],"user":["Lars Schmid"],"umph":[1652086958.738],"ok":[true]}
,
{"type":["check_chunk"],"time":["2022-05-09 11:02:38"],"user":["Lars Schmid"],"umph":[1652086958.757],"ok":[true],"chunk":[2],"ex":[1],"e.ind":[0],"code":["\nreg1 <- lm(wage~educ, data = wage1)\n\n\nsummary(reg1)\n"],"message":[""]}
,
{"type":["check_chunk"],"time":["2022-05-09 11:02:38"],"user":["Lars Schmid"],"umph":[1652086958.7671],"ok":[false],"chunk":[3],"ex":[1],"e.ind":[1],"code":["\n# enter your code here ...\n"],"message":["\nYou have not yet entered all correct commands in chunk 1_c."]}
,
{"type":["hint"],"time":["2022-05-09 11:03:28"],"user":["Lars Schmid"],"umph":[1652087008.6422],"ok":[true],"chunk":[3],"ex":[1],"e.ind":[1]}
,
{"type":["check_ps"],"time":["2022-05-09 11:03:44"],"user":["Lars Schmid"],"umph":[1652087024.0499],"ok":[true]}
,
{"type":["check_chunk"],"time":["2022-05-09 11:03:44"],"user":["Lars Schmid"],"umph":[1652087024.0639],"ok":[false],"chunk":[3],"ex":[1],"e.ind":[1],"code":["\n\"ja\"\n"],"message":["\nYou have not yet entered all correct commands in chunk 1_c."]}
,
{"type":["check_ps"],"time":["2022-05-09 11:03:57"],"user":["Lars Schmid"],"umph":[1652087037.6383],"ok":[true]}
,
{"type":["check_chunk"],"time":["2022-05-09 11:03:57"],"user":["Lars Schmid"],"umph":[1652087037.6513],"ok":[true],"chunk":[3],"ex":[1],"e.ind":[0],"code":["\n\"nein\"\n"],"message":[""]}
,
{"type":["check_chunk"],"time":["2022-05-09 11:03:57"],"user":["Lars Schmid"],"umph":[1652087037.7984],"ok":[false],"chunk":[4],"ex":[1],"e.ind":[0],"code":["wage1 %>%\n mutate(gender = ifelse(female==1,\".PH_._\",\".PH_._\")) %>%\n group_by(gender) %>%\n summarize(mean(.PH_._))\n\n# enter your code here ...\n"],"message":["evaluation error in \n  wage1 %>% mutate(gender = ifelse(female == 1, \"___\", \"___\")) %>% group_by(gender) %>% summarize(mean(___))\n  \u001b[1m\u001b[33mError\u001b[39m in \u001b[38;5;232m`summarize()`\u001b[39m:\u001b[22m\n\u001b[38;5;232m\u001b[33m!\u001b[38;5;232m Problem while computing `..1 = mean(___)`.\n\u001b[36mi\u001b[38;5;232m The error occurred in group 1: gender = \"___\".\u001b[39m\n\u001b[1mCaused by error in \u001b[38;5;232m`mean()`\u001b[39m:\u001b[22m\n\u001b[33m!\u001b[39m object '___' not found\n"]}
,
{"type":["hint"],"time":["2022-05-09 11:05:26"],"user":["Lars Schmid"],"umph":[1652087126.5292],"ok":[true],"chunk":[4],"ex":[1],"e.ind":[0]}
,
{"type":["check_ps"],"time":["2022-05-09 11:05:56"],"user":["Lars Schmid"],"umph":[1652087156.6262],"ok":[true]}
,
{"type":["check_chunk"],"time":["2022-05-09 11:05:56"],"user":["Lars Schmid"],"umph":[1652087156.6652],"ok":[false],"chunk":[4],"ex":[1],"e.ind":[1],"code":["wage1 %>%\n mutate(gender = ifelse(female==1,\"female\",\"male\")) %>%\n group_by(gender) %>%\n summarize(mean(wage1))\n\n# enter your code here ...\n"],"message":["\nYou have not yet entered all correct commands in chunk 1_e."]}
,
{"type":["hint"],"time":["2022-05-09 11:06:01"],"user":["Lars Schmid"],"umph":[1652087161.6631],"ok":[true],"chunk":[4],"ex":[1],"e.ind":[1]}
,
{"type":["check_ps"],"time":["2022-05-09 11:06:37"],"user":["Lars Schmid"],"umph":[1652087197.6563],"ok":[true]}
,
{"type":["check_chunk"],"time":["2022-05-09 11:06:37"],"user":["Lars Schmid"],"umph":[1652087197.6894],"ok":[true],"chunk":[4],"ex":[1],"e.ind":[0],"code":["wage1 %>%\n mutate(gender = ifelse(female==1,\"female\",\"male\")) %>%\n group_by(gender) %>%\n summarize(mean(educ))\n\n# enter your code here ...\n"],"message":[""]}
,
{"type":["check_chunk"],"time":["2022-05-09 11:06:37"],"user":["Lars Schmid"],"umph":[1652087197.7434],"ok":[true],"chunk":[5],"ex":[1],"e.ind":[0],"code":["grViz('digraph G {\n\nx [label=\"Ausbildungsjahre x\"]\ny [label=\"Stundenlohn y\"]\nw [label=\"maennlich\"]\n\nx -> y [label=\"+\"];\nw -> x [label=\"+\"];\nw -> y [label=\"+\"];\n}')"],"message":[""]}
,
{"type":["check_chunk"],"time":["2022-05-09 11:06:37"],"user":["Lars Schmid"],"umph":[1652087197.7544],"ok":[false],"chunk":[6],"ex":[1],"e.ind":[1],"code":["\n# enter your code here ...\n"],"message":["\nYou have not yet entered all correct commands in chunk 1_e_3."]}
,
{"type":["check_ps"],"time":["2022-05-09 11:08:07"],"user":["Lars Schmid"],"umph":[1652087287.3313],"ok":[true]}
,
{"type":["check_chunk"],"time":["2022-05-09 11:08:07"],"user":["Lars Schmid"],"umph":[1652087287.3553],"ok":[false],"chunk":[6],"ex":[1],"e.ind":[1],"code":["\n2\n"],"message":["\nYou have not yet entered all correct commands in chunk 1_e_3."]}
,
{"type":["check_ps"],"time":["2022-05-09 11:08:17"],"user":["Lars Schmid"],"umph":[1652087297.8323],"ok":[true]}
,
{"type":["check_chunk"],"time":["2022-05-09 11:08:17"],"user":["Lars Schmid"],"umph":[1652087297.8473],"ok":[true],"chunk":[6],"ex":[1],"e.ind":[0],"code":["\n1\n"],"message":[""]}
,
{"type":["check_chunk"],"time":["2022-05-09 11:08:17"],"user":["Lars Schmid"],"umph":[1652087297.8634],"ok":[true],"chunk":[7],"ex":[1],"e.ind":[0],"code":["reg2 <- lm(wage ~ educ + female, data=wage1)\nsummary(reg2)"],"message":[""]}
,
{"type":["check_chunk"],"time":["2022-05-09 11:08:17"],"user":["Lars Schmid"],"umph":[1652087297.9024],"ok":[true],"chunk":[8],"ex":[1],"e.ind":[0],"code":["grViz('digraph G {\nx -> y [label=\"+\"];\nw -> y [label=\"+\"];\n}')"],"message":[""]}
,
{"type":["check_chunk"],"time":["2022-05-09 11:08:17"],"user":["Lars Schmid"],"umph":[1652087297.9144],"ok":[false],"chunk":[9],"ex":[1],"e.ind":[1],"code":["\n# enter your code here ...\n"],"message":["\nYou have not yet entered all correct commands in chunk 1_g_2."]}
,
{"type":["check_ps"],"time":["2022-05-09 11:09:54"],"user":["Lars Schmid"],"umph":[1652087394.6312],"ok":[true]}
,
{"type":["check_chunk"],"time":["2022-05-09 11:09:54"],"user":["Lars Schmid"],"umph":[1652087394.6452],"ok":[false],"chunk":[9],"ex":[1],"e.ind":[1],"code":["\n\"verzerrt\"\n"],"message":["\nYou have not yet entered all correct commands in chunk 1_g_2."]}
,
{"type":["check_ps"],"time":["2022-05-09 11:10:04"],"user":["Lars Schmid"],"umph":[1652087404.4413],"ok":[true]}
,
{"type":["check_chunk"],"time":["2022-05-09 11:10:04"],"user":["Lars Schmid"],"umph":[1652087404.4553],"ok":[true],"chunk":[9],"ex":[1],"e.ind":[0],"code":["\n\"unverzerrt\"\n"],"message":[""]}
,
{"type":["check_chunk"],"time":["2022-05-09 11:10:04"],"user":["Lars Schmid"],"umph":[1652087404.7035],"ok":[true],"chunk":[10],"ex":[1],"e.ind":[0],"code":["########################################\n# Beispiel 1: w hat nur Einfluss auf y\n########################################\nset.seed(123)\nn <- 10000\nbeta1 <- 2 # wahrer kausaler effekt\nw <- rnorm(n,0,1)\nx <- rnorm(n,0,1)\ny <- beta1*x + w + rnorm(n,0,1)\n\n# Regression mit w als Kontrollvariable\nreg1 <- lm(y~x+w)\n# Regression ohne w als Kontrollvariable\nreg2 <- lm(y~x)\n# Zeige Ergbenisse nebeneinander\nlibrary(stargazer)\nstargazer(reg1, reg2, type=\"text\", digits=3, keep.stat=c(\"n\"))"],"message":[""]}
,
{"type":["check_chunk"],"time":["2022-05-09 11:10:04"],"user":["Lars Schmid"],"umph":[1652087404.9287],"ok":[true],"chunk":[11],"ex":[1],"e.ind":[0],"code":["########################################\n# Beispiel 2: w hat Einfluss auf y und x\n########################################\nset.seed(123)\nn <- 10000\nbeta1 <- 2 # wahrer kausaler effekt\nw <- rnorm(n,0,1)\nx <- rnorm(n,0,1) + w\ny <- beta1*x + w + rnorm(n,0,1)\n\n# Regression mit w als Kontrollvariable\nreg1 <- lm(y~x+w)\n# Regression ohne w als Kontrollvariable\nreg2 <- lm(y~x)\n# Zeige Ergbenisse nebeneinander\nstargazer(reg1, reg2, type=\"text\", digits=3, keep.stat=c(\"n\"))"],"message":[""]}
,
{"type":["check_chunk"],"time":["2022-05-09 11:10:04"],"user":["Lars Schmid"],"umph":[1652087404.9387],"ok":[false],"chunk":[12],"ex":[1],"e.ind":[1],"code":["\n# enter your code here ...\n"],"message":["\nYou have not yet entered all correct commands in chunk 1_g_5."]}
,
{"type":["check_ps"],"time":["2022-05-09 11:11:35"],"user":["Lars Schmid"],"umph":[1652087495.6773],"ok":[true]}
,
{"type":["check_chunk"],"time":["2022-05-09 11:11:35"],"user":["Lars Schmid"],"umph":[1652087495.8314],"ok":[true],"chunk":[12],"ex":[1],"e.ind":[0],"code":["\n\"nein\"\n"],"message":[""]}
,
{"type":["check_chunk"],"time":["2022-05-09 11:11:35"],"user":["Lars Schmid"],"umph":[1652087495.8434],"ok":[true],"chunk":[13],"ex":[1],"e.ind":[0],"code":["confint(lm(y~x))"],"message":[""]}
,
{"type":["check_chunk"],"time":["2022-05-09 11:11:35"],"user":["Lars Schmid"],"umph":[1652087495.8585],"ok":[false],"chunk":[14],"ex":[1],"e.ind":[1],"code":["\n# enter your code here ...\n"],"message":["\nYou have not yet entered all correct commands in chunk 1_g_7."]}
,
{"type":["hint"],"time":["2022-05-09 11:11:57"],"user":["Lars Schmid"],"umph":[1652087517.5692],"ok":[true],"chunk":[14],"ex":[1],"e.ind":[1]}
,
{"type":["check_ps"],"time":["2022-05-09 11:13:01"],"user":["Lars Schmid"],"umph":[1652087581.4803],"ok":[true]}
,
{"type":["check_chunk"],"time":["2022-05-09 11:13:01"],"user":["Lars Schmid"],"umph":[1652087581.5073],"ok":[false],"chunk":[14],"ex":[1],"e.ind":[1],"code":["\nconfint(reg1, level = 0.99)\n"],"message":["\nYou have not yet entered all correct commands in chunk 1_g_7."]}
,
{"type":["hint"],"time":["2022-05-09 11:13:22"],"user":["Lars Schmid"],"umph":[1652087602.8122],"ok":[true],"chunk":[14],"ex":[1],"e.ind":[1]}
,
{"type":["check_ps"],"time":["2022-05-09 11:13:57"],"user":["Lars Schmid"],"umph":[1652087637.7812],"ok":[true]}
,
{"type":["check_chunk"],"time":["2022-05-09 11:13:57"],"user":["Lars Schmid"],"umph":[1652087637.8082],"ok":[true],"chunk":[14],"ex":[1],"e.ind":[0],"code":["\nconfint(lm(y~x), level = 0.99)\n"],"message":[""]}
,
{"type":["check_chunk"],"time":["2022-05-09 11:13:57"],"user":["Lars Schmid"],"umph":[1652087637.8172],"ok":[true],"chunk":[15],"ex":[1],"e.ind":[0],"code":["cor(wage1$exper,wage1$wage)"],"message":[""]}
,
{"type":["check_chunk"],"time":["2022-05-09 11:13:57"],"user":["Lars Schmid"],"umph":[1652087637.8253],"ok":[true],"chunk":[16],"ex":[1],"e.ind":[0],"code":["cor(wage1$exper,wage1$educ)"],"message":[""]}
,
{"type":["check_chunk"],"time":["2022-05-09 11:13:57"],"user":["Lars Schmid"],"umph":[1652087637.8643],"ok":[true],"chunk":[17],"ex":[1],"e.ind":[0],"code":["grViz('digraph G {\n\nx [label=\"Ausbildungsjahre x\"]\ny [label=\"Stundenlohn y\"]\nw [label=\"Arbeitserfahrung\"]\n\nx -> y [label=\"+\"];\nx -> w [label=\"-\"];\nw -> y [label=\"+\"];\n}')\n"],"message":[""]}
,
{"type":["check_chunk"],"time":["2022-05-09 11:13:57"],"user":["Lars Schmid"],"umph":[1652087637.8743],"ok":[true],"chunk":[18],"ex":[1],"e.ind":[0],"code":["coef(lm(wage~educ, data=wage1))"],"message":[""]}
,
{"type":["check_chunk"],"time":["2022-05-09 11:13:57"],"user":["Lars Schmid"],"umph":[1652087637.8861],"ok":[false],"chunk":[19],"ex":[1],"e.ind":[1],"code":["\n# enter your code here ...\n"],"message":["\nYou have not yet entered all correct commands in chunk 1_h_5."]}
,
{"type":["check_ps"],"time":["2022-05-09 11:14:55"],"user":["Lars Schmid"],"umph":[1652087695.5512],"ok":[true]}
,
{"type":["check_chunk"],"time":["2022-05-09 11:14:55"],"user":["Lars Schmid"],"umph":[1652087695.5832],"ok":[true],"chunk":[19],"ex":[1],"e.ind":[0],"code":["\n\"groesser\"\n"],"message":[""]}
,
{"type":["check_chunk"],"time":["2022-05-09 11:14:55"],"user":["Lars Schmid"],"umph":[1652087695.6022],"ok":[true],"chunk":[20],"ex":[1],"e.ind":[0],"code":["coef(lm(wage~educ+exper, data=wage1))"],"message":[""]}
,
{"type":["check_chunk"],"time":["2022-05-09 11:14:55"],"user":["Lars Schmid"],"umph":[1652087695.6133],"ok":[false],"chunk":[21],"ex":[1],"e.ind":[1],"code":["\n# enter your code here ...\n"],"message":["\nYou have not yet entered all correct commands in chunk 1_h_7."]}
,
{"type":["check_ps"],"time":["2022-05-09 11:15:21"],"user":["Lars Schmid"],"umph":[1652087721.9643],"ok":[true]}
,
{"type":["check_chunk"],"time":["2022-05-09 11:15:21"],"user":["Lars Schmid"],"umph":[1652087721.9783],"ok":[true],"chunk":[21],"ex":[1],"e.ind":[0],"code":["\n0.54\n"],"message":[""]}
,
{"type":["check_chunk"],"time":["2022-05-09 11:15:21"],"user":["Lars Schmid"],"umph":[1652087721.9973],"ok":[false],"chunk":[22],"ex":[1],"e.ind":[3],"code":["reg1 <- lm(wage ~ educ, data = wage1)\nreg2 <- lm(wage ~ educ + female + nonwhite, data=wage1)\n\n# enter your code here ...\n"],"message":["\nYou have not yet made an assignment to reg3 in chunk 1_i."]}
,
{"type":["check_ps"],"time":["2022-05-09 11:16:52"],"user":["Lars Schmid"],"umph":[1652087812.7083],"ok":[true]}
,
{"type":["check_chunk"],"time":["2022-05-09 11:16:52"],"user":["Lars Schmid"],"umph":[1652087812.7413],"ok":[true],"chunk":[22],"ex":[1],"e.ind":[0],"code":["reg1 <- lm(wage ~ educ, data = wage1)\nreg2 <- lm(wage ~ educ + female + nonwhite, data=wage1)\n\nreg3 <- lm(wage ~ educ + female + nonwhite + exper, data = wage1)\n"],"message":[""]}
,
{"type":["check_chunk"],"time":["2022-05-09 11:16:53"],"user":["Lars Schmid"],"umph":[1652087813.0686],"ok":[true],"chunk":[23],"ex":[1],"e.ind":[0],"code":["stargazer( reg1, reg2, reg3 ,type = \"text\",  digits=2, omit.stat = c(\"f\",\"ser\"))"],"message":[""]}
,
{"type":["check_chunk"],"time":["2022-05-09 11:16:53"],"user":["Lars Schmid"],"umph":[1652087813.0806],"ok":[false],"chunk":[25],"ex":[2],"e.ind":[1],"code":["\n# enter your code here ...\n"],"message":["\nYou have not yet made an assignment to n_train in chunk 2_a_2."]}
,
{"type":["hint"],"time":["2022-05-09 11:17:36"],"user":["Lars Schmid"],"umph":[1652087856.1712],"ok":[true],"chunk":[25],"ex":[2],"e.ind":[1]}
,
{"type":["hint"],"time":["2022-05-09 11:19:19"],"user":["Lars Schmid"],"umph":[1652087959.3693],"ok":[true],"chunk":[25],"ex":[2],"e.ind":[1]}
,
{"type":["check_ps"],"time":["2022-05-09 11:20:02"],"user":["Lars Schmid"],"umph":[1652088002.5242],"ok":[true]}
,
{"type":["check_chunk"],"time":["2022-05-09 11:20:02"],"user":["Lars Schmid"],"umph":[1652088002.5412],"ok":[false],"chunk":[25],"ex":[2],"e.ind":[2],"code":["\nn_train = sum(jtrain3$train)\n"],"message":["\nYou have not yet entered all correct commands in chunk 2_a_2."]}
,
{"type":["hint"],"time":["2022-05-09 11:20:10"],"user":["Lars Schmid"],"umph":[1652088010.2412],"ok":[true],"chunk":[25],"ex":[2],"e.ind":[2]}
,
{"type":["check_ps"],"time":["2022-05-09 11:20:33"],"user":["Lars Schmid"],"umph":[1652088033.9334],"ok":[true]}
,
{"type":["check_chunk"],"time":["2022-05-09 11:20:33"],"user":["Lars Schmid"],"umph":[1652088033.9504],"ok":[true],"chunk":[25],"ex":[2],"e.ind":[0],"code":["\nn_train = sum(jtrain3$train)\nn_train"],"message":[""]}
,
{"type":["check_chunk"],"time":["2022-05-09 11:20:33"],"user":["Lars Schmid"],"umph":[1652088033.9694],"ok":[false],"chunk":[26],"ex":[2],"e.ind":[1],"code":["\n# enter your code here ...\n"],"message":["\nYou have not yet entered all correct commands in chunk 2_a_3."]}
,
{"type":["check_ps"],"time":["2022-05-09 11:20:55"],"user":["Lars Schmid"],"umph":[1652088055.0663],"ok":[true]}
,
{"type":["check_chunk"],"time":["2022-05-09 11:20:55"],"user":["Lars Schmid"],"umph":[1652088055.0808],"ok":[false],"chunk":[26],"ex":[2],"e.ind":[1],"code":["\n1\n"],"message":["\nYou have not yet entered all correct commands in chunk 2_a_3."]}
,
{"type":["check_ps"],"time":["2022-05-09 11:21:05"],"user":["Lars Schmid"],"umph":[1652088065.183],"ok":[true]}
,
{"type":["check_chunk"],"time":["2022-05-09 11:21:05"],"user":["Lars Schmid"],"umph":[1652088065.196],"ok":[true],"chunk":[26],"ex":[2],"e.ind":[0],"code":["\n2\n"],"message":[""]}
,
{"type":["check_chunk"],"time":["2022-05-09 11:21:05"],"user":["Lars Schmid"],"umph":[1652088065.207],"ok":[false],"chunk":[27],"ex":[2],"e.ind":[1],"code":["\n# enter your code here ...\n\n\n# enter your code here ...\n"],"message":["\nYou have not yet made an assignment to reg1 in chunk 2_b."]}
,
{"type":["hint"],"time":["2022-05-09 11:22:55"],"user":["Lars Schmid"],"umph":[1652088175.752],"ok":[true],"chunk":[27],"ex":[2],"e.ind":[1]}
,
{"type":["check_ps"],"time":["2022-05-09 11:23:13"],"user":["Lars Schmid"],"umph":[1652088193.9933],"ok":[true]}
,
{"type":["check_chunk"],"time":["2022-05-09 11:23:14"],"user":["Lars Schmid"],"umph":[1652088194.0083],"ok":[false],"chunk":[27],"ex":[2],"e.ind":[1],"code":["\nreg1 <- lm(x ~ y, data = jtrain3)\n\n\nsummary(reg1)\n"],"message":["\nYou have not made a correct assignment to reg1 in chunk 2_b."]}
,
{"type":["hint"],"time":["2022-05-09 11:23:20"],"user":["Lars Schmid"],"umph":[1652088200.4962],"ok":[true],"chunk":[27],"ex":[2],"e.ind":[1]}
,
{"type":["hint"],"time":["2022-05-09 11:23:27"],"user":["Lars Schmid"],"umph":[1652088207.2082],"ok":[true],"chunk":[27],"ex":[2],"e.ind":[1]}
,
{"type":["check_ps"],"time":["2022-05-09 11:24:01"],"user":["Lars Schmid"],"umph":[1652088241.6732],"ok":[true]}
,
{"type":["check_chunk"],"time":["2022-05-09 11:24:01"],"user":["Lars Schmid"],"umph":[1652088241.6962],"ok":[false],"chunk":[27],"ex":[2],"e.ind":[1],"code":["\nreg1 <- lm(train ~ unem78, data = jtrain3)\n\n\nsummary(reg1)\n"],"message":["\nYou have not made a correct assignment to reg1 in chunk 2_b."]}
,
{"type":["hint"],"time":["2022-05-09 11:24:07"],"user":["Lars Schmid"],"umph":[1652088247.2244],"ok":[true],"chunk":[27],"ex":[2],"e.ind":[1]}
,
{"type":["hint"],"time":["2022-05-09 11:24:29"],"user":["Lars Schmid"],"umph":[1652088269.5132],"ok":[true],"chunk":[27],"ex":[2],"e.ind":[1]}
,
{"type":["hint"],"time":["2022-05-09 11:24:32"],"user":["Lars Schmid"],"umph":[1652088272.5132],"ok":[true],"chunk":[27],"ex":[2],"e.ind":[1]}
,
{"type":["check_ps"],"time":["2022-05-09 11:25:51"],"user":["Lars Schmid"],"umph":[1652088351.8474],"ok":[true]}
,
{"type":["check_chunk"],"time":["2022-05-09 11:25:51"],"user":["Lars Schmid"],"umph":[1652088351.8674],"ok":[false],"chunk":[27],"ex":[2],"e.ind":[1],"code":["\nreg1 <- lm(train ~ unem78, data = jtrain3)\n\n\nsummary(reg1)\n"],"message":["\nYou have not made a correct assignment to reg1 in chunk 2_b."]}
,
{"type":["hint"],"time":["2022-05-09 11:25:59"],"user":["Lars Schmid"],"umph":[1652088359.9602],"ok":[true],"chunk":[27],"ex":[2],"e.ind":[1]}
,
{"type":["check_ps"],"time":["2022-05-09 11:33:54"],"user":["Lars Schmid"],"umph":[1652088834.8442],"ok":[true]}
,
{"type":["check_chunk"],"time":["2022-05-09 11:33:54"],"user":["Lars Schmid"],"umph":[1652088834.8672],"ok":[false],"chunk":[27],"ex":[2],"e.ind":[1],"code":["\nreg1 <- lm(train ~ unem78, data = jtrain3)\n\n\nsummary(reg1)\n"],"message":["\nYou have not made a correct assignment to reg1 in chunk 2_b."]}
,
{"type":["hint"],"time":["2022-05-09 11:33:59"],"user":["Lars Schmid"],"umph":[1652088839.5122],"ok":[true],"chunk":[27],"ex":[2],"e.ind":[1]}
,
{"type":["check_ps"],"time":["2022-05-09 11:36:02"],"user":["Lars Schmid"],"umph":[1652088962.5818],"ok":[true]}
,
{"type":["check_chunk"],"time":["2022-05-09 11:36:02"],"user":["Lars Schmid"],"umph":[1652088962.6079],"ok":[true],"chunk":[27],"ex":[2],"e.ind":[0],"code":["\nreg1 <- lm(unem78 ~train , data = jtrain3)\n\n\nsummary(reg1)\n"],"message":[""]}
,
{"type":["check_chunk"],"time":["2022-05-09 11:36:02"],"user":["Lars Schmid"],"umph":[1652088962.6159],"ok":[false],"chunk":[28],"ex":[2],"e.ind":[0],"code":[".PH_._ %>% \n group_by(.PH_._) %>%\n summarize(mean(train), mean(.PH_._))\n\n# enter your code here ...\n"],"message":["evaluation error in \n  ___ %>% group_by(___) %>% summarize(mean(train), mean(___))\n  Error in group_by(., ___): object '___' not found\n"]}
,
{"type":["hint"],"time":["2022-05-09 11:37:09"],"user":["Lars Schmid"],"umph":[1652089029.2792],"ok":[true],"chunk":[28],"ex":[2],"e.ind":[0]}
,
{"type":["hint"],"time":["2022-05-09 11:38:00"],"user":["Lars Schmid"],"umph":[1652089080.5912],"ok":[true],"chunk":[28],"ex":[2],"e.ind":[0]}
,
{"type":["check_ps"],"time":["2022-05-09 11:38:19"],"user":["Lars Schmid"],"umph":[1652089099.3323],"ok":[true]}
,
{"type":["check_chunk"],"time":["2022-05-09 11:38:19"],"user":["Lars Schmid"],"umph":[1652089099.3673],"ok":[false],"chunk":[28],"ex":[2],"e.ind":[1],"code":["jtrain3 %>% \n group_by(unem75) %>%\n summarize(mean(train), mean(unem75))\n\n# enter your code here ...\n"],"message":["\nYou have not yet entered all correct commands in chunk 2_c."]}
,
{"type":["hint"],"time":["2022-05-09 11:38:23"],"user":["Lars Schmid"],"umph":[1652089103.3832],"ok":[true],"chunk":[28],"ex":[2],"e.ind":[1]}
,
{"type":["check_ps"],"time":["2022-05-09 11:39:11"],"user":["Lars Schmid"],"umph":[1652089151.801],"ok":[true]}
,
{"type":["check_chunk"],"time":["2022-05-09 11:39:11"],"user":["Lars Schmid"],"umph":[1652089151.837],"ok":[false],"chunk":[28],"ex":[2],"e.ind":[1],"code":["jtrain3 %>% \n group_by(unem75) %>%\n summarize(mean(train), mean(educ))\n\n# enter your code here ...\n"],"message":["\nYou have not yet entered all correct commands in chunk 2_c."]}
,
{"type":["check_ps"],"time":["2022-05-09 11:41:04"],"user":["Lars Schmid"],"umph":[1652089264.6793],"ok":[true]}
,
{"type":["check_chunk"],"time":["2022-05-09 11:41:04"],"user":["Lars Schmid"],"umph":[1652089264.7113],"ok":[false],"chunk":[28],"ex":[2],"e.ind":[1],"code":["jtrain3 %>% \n group_by(unem75) %>%\n summarize(mean(train), mean(educ))\n\n# enter your code here ...\n"],"message":["\nYou have not yet entered all correct commands in chunk 2_c."]}
,
{"type":["hint"],"time":["2022-05-09 11:41:09"],"user":["Lars Schmid"],"umph":[1652089269.4712],"ok":[true],"chunk":[28],"ex":[2],"e.ind":[1]}
,
{"type":["check_ps"],"time":["2022-05-09 11:44:38"],"user":["Lars Schmid"],"umph":[1652089478.3753],"ok":[true]}
,
{"type":["check_chunk"],"time":["2022-05-09 11:44:38"],"user":["Lars Schmid"],"umph":[1652089478.4133],"ok":[false],"chunk":[28],"ex":[2],"e.ind":[1],"code":["jtrain3 %>% \n group_by(unem75) %>%\n summarize(mean(train), mean(age))\n\n# enter your code here ...\n"],"message":["\nYou have not yet entered all correct commands in chunk 2_c."]}
,
{"type":["hint"],"time":["2022-05-09 11:44:42"],"user":["Lars Schmid"],"umph":[1652089482.1743],"ok":[true],"chunk":[28],"ex":[2],"e.ind":[1]}
,
{"type":["check_ps"],"time":["2022-05-09 11:45:26"],"user":["Lars Schmid"],"umph":[1652089526.3083],"ok":[true]}
,
{"type":["check_chunk"],"time":["2022-05-09 11:45:26"],"user":["Lars Schmid"],"umph":[1652089526.3443],"ok":[false],"chunk":[28],"ex":[2],"e.ind":[1],"code":["jtrain3 %>% \n group_by(unem75) %>%\n summarize(mean(train), mean(trun75))\n\n# enter your code here ...\n"],"message":["\nYou have not yet entered all correct commands in chunk 2_c."]}
,
{"type":["hint"],"time":["2022-05-09 11:45:30"],"user":["Lars Schmid"],"umph":[1652089530.3422],"ok":[true],"chunk":[28],"ex":[2],"e.ind":[1]}
,
{"type":["check_ps"],"time":["2022-05-09 11:46:11"],"user":["Lars Schmid"],"umph":[1652089571.9213],"ok":[true]}
,
{"type":["check_chunk"],"time":["2022-05-09 11:46:11"],"user":["Lars Schmid"],"umph":[1652089571.9654],"ok":[false],"chunk":[28],"ex":[2],"e.ind":[1],"code":["jtrain3 %>% \n group_by(unem75) %>%\n summarize(mean(train), mean(unem75))\n\n# enter your code here ...\n"],"message":["\nYou have not yet entered all correct commands in chunk 2_c."]}
,
{"type":["check_ps"],"time":["2022-05-09 11:46:31"],"user":["Lars Schmid"],"umph":[1652089591.1088],"ok":[true]}
,
{"type":["check_chunk"],"time":["2022-05-09 11:46:31"],"user":["Lars Schmid"],"umph":[1652089591.1408],"ok":[false],"chunk":[28],"ex":[2],"e.ind":[1],"code":["jtrain3 %>% \n group_by(unem75) %>%\n summarize(mean(train), mean(train))\n\n# enter your code here ...\n"],"message":["\nYou have not yet entered all correct commands in chunk 2_c."]}
,
{"type":["check_ps"],"time":["2022-05-09 11:46:45"],"user":["Lars Schmid"],"umph":[1652089605.2132],"ok":[true]}
,
{"type":["check_chunk"],"time":["2022-05-09 11:46:45"],"user":["Lars Schmid"],"umph":[1652089605.2502],"ok":[false],"chunk":[28],"ex":[2],"e.ind":[1],"code":["jtrain3 %>% \n group_by(unem75) %>%\n summarize(mean(train), mean(age))\n\n# enter your code here ...\n"],"message":["\nYou have not yet entered all correct commands in chunk 2_c."]}
,
{"type":["check_ps"],"time":["2022-05-09 11:47:13"],"user":["Lars Schmid"],"umph":[1652089633.5633],"ok":[true]}
,
{"type":["check_chunk"],"time":["2022-05-09 11:47:13"],"user":["Lars Schmid"],"umph":[1652089633.5964],"ok":[false],"chunk":[28],"ex":[2],"e.ind":[1],"code":["jtrain3 %>% \n group_by(unem75) %>%\n summarize(mean(train), mean(em78))\n\n# enter your code here ...\n"],"message":["\nYou have not yet entered all correct commands in chunk 2_c."]}
,
{"type":["hint"],"time":["2022-05-09 11:47:16"],"user":["Lars Schmid"],"umph":[1652089636.9984],"ok":[true],"chunk":[28],"ex":[2],"e.ind":[1]}
,
{"type":["check_ps"],"time":["2022-05-09 12:32:48"],"user":["Lars Schmid"],"umph":[1652092368.6079],"ok":[true]}
,
{"type":["check_chunk"],"time":["2022-05-09 12:32:48"],"user":["Lars Schmid"],"umph":[1652092368.654],"ok":[true],"chunk":[28],"ex":[2],"e.ind":[0],"code":["jtrain3 %>% \n group_by(unem75) %>%\n summarize(mean(train), mean(unem78))\n\n# enter your code here ...\n"],"message":[""]}
,
{"type":["check_chunk"],"time":["2022-05-09 12:32:48"],"user":["Lars Schmid"],"umph":[1652092368.707],"ok":[true],"chunk":[29],"ex":[2],"e.ind":[0],"code":["library(DiagrammeR)\ngrViz('digraph G {\n\nx [label=\"Weiterbildung in 1977\"]\ny [label=\"Arbeitslos in 1978\"]\nw [label=\"Arbeitslos in 1975\"]\n\nx -> y [label=\"?\"]\nw -> x [label=\"+\"]\nw -> y [label=\"+\"]\n}')"],"message":[""]}
,
{"type":["check_chunk"],"time":["2022-05-09 12:32:48"],"user":["Lars Schmid"],"umph":[1652092368.722],"ok":[false],"chunk":[30],"ex":[2],"e.ind":[1],"code":["\n# enter your code here ...\n"],"message":["\nYou have not yet entered all correct commands in chunk 2_d_2."]}
,
{"type":["check_ps"],"time":["2022-05-09 12:35:06"],"user":["Lars Schmid"],"umph":[1652092506.6942],"ok":[true]}
,
{"type":["check_chunk"],"time":["2022-05-09 12:35:06"],"user":["Lars Schmid"],"umph":[1652092506.7102],"ok":[true],"chunk":[30],"ex":[2],"e.ind":[0],"code":["\n\"kleiner\"\n"],"message":[""]}
,
{"type":["check_chunk"],"time":["2022-05-09 12:35:06"],"user":["Lars Schmid"],"umph":[1652092506.7207],"ok":[false],"chunk":[31],"ex":[2],"e.ind":[1],"code":["\n# enter your code here ...\n"],"message":["\nYou have not yet made an assignment to reg2 in chunk 2_d_3."]}
,
{"type":["hint"],"time":["2022-05-09 12:36:15"],"user":["Lars Schmid"],"umph":[1652092575.7651],"ok":[true],"chunk":[31],"ex":[2],"e.ind":[1]}
,
{"type":["check_ps"],"time":["2022-05-09 12:36:54"],"user":["Lars Schmid"],"umph":[1652092614.438],"ok":[true]}
,
{"type":["check_ps"],"time":["2022-05-09 12:37:08"],"user":["Lars Schmid"],"umph":[1652092628.3546],"ok":[true]}
,
{"type":["check_chunk"],"time":["2022-05-09 12:37:08"],"user":["Lars Schmid"],"umph":[1652092628.4181],"ok":[false],"chunk":[31],"ex":[2],"e.ind":[1],"code":["\nreg2 <- lm(train + unem75 ~ unem78,  data = jtrain3)\nstargazer(reg1, reg2)\n"],"message":["\nYou have not made a correct assignment to reg2 in chunk 2_d_3."]}
,
{"type":["hint"],"time":["2022-05-09 12:37:15"],"user":["Lars Schmid"],"umph":[1652092635.1084],"ok":[true],"chunk":[31],"ex":[2],"e.ind":[1]}
,
{"type":["check_ps"],"time":["2022-05-09 12:40:47"],"user":["Lars Schmid"],"umph":[1652092847.1874],"ok":[true]}
,
{"type":["check_chunk"],"time":["2022-05-09 12:40:47"],"user":["Lars Schmid"],"umph":[1652092847.2115],"ok":[true],"chunk":[31],"ex":[2],"e.ind":[0],"code":["\nreg2 <- lm(unem78 ~ train + unem75,  data = jtrain3)\nstargazer\n"],"message":[""]}
,
{"type":["check_chunk"],"time":["2022-05-09 12:40:47"],"user":["Lars Schmid"],"umph":[1652092847.2235],"ok":[false],"chunk":[32],"ex":[2],"e.ind":[1],"code":["\n# enter your code here ...\n"],"message":["\nYou have not yet made an assignment to jtrain3_la in chunk 2_e."]}
,
{"type":["check_ps"],"time":["2022-05-09 12:41:43"],"user":["Lars Schmid"],"umph":[1652092903.0198],"ok":[true]}
,
{"type":["check_chunk"],"time":["2022-05-09 12:41:43"],"user":["Lars Schmid"],"umph":[1652092903.0363],"ok":[false],"chunk":[32],"ex":[2],"e.ind":[1],"code":["\n# enter your code here ...\n"],"message":["\nYou have not yet made an assignment to jtrain3_la in chunk 2_e."]}
,
{"type":["hint"],"time":["2022-05-09 12:41:59"],"user":["Lars Schmid"],"umph":[1652092919.7971],"ok":[true],"chunk":[32],"ex":[2],"e.ind":[1]}
,
{"type":["check_ps"],"time":["2022-05-09 12:42:56"],"user":["Lars Schmid"],"umph":[1652092976.4951],"ok":[true]}
,
{"type":["check_chunk"],"time":["2022-05-09 12:42:56"],"user":["Lars Schmid"],"umph":[1652092976.5295],"ok":[false],"chunk":[32],"ex":[2],"e.ind":[2],"code":["\njtrain3_la = filter(jtrain3, unem75 == 1)\n"],"message":["\nYou have not yet made an assignment to jtrain3_ka in chunk 2_e."]}
,
{"type":["hint"],"time":["2022-05-09 12:43:08"],"user":["Lars Schmid"],"umph":[1652092988.3167],"ok":[true],"chunk":[32],"ex":[2],"e.ind":[2]}
,
{"type":["check_ps"],"time":["2022-05-09 12:43:22"],"user":["Lars Schmid"],"umph":[1652093002.5671],"ok":[true]}
,
{"type":["check_chunk"],"time":["2022-05-09 12:43:22"],"user":["Lars Schmid"],"umph":[1652093002.5912],"ok":[false],"chunk":[32],"ex":[2],"e.ind":[1],"code":["\njtrain3_ka = filter(jtrain3, unem75 == 1)\n"],"message":["\nYou have not yet made an assignment to jtrain3_la in chunk 2_e."]}
,
{"type":["hint"],"time":["2022-05-09 12:43:29"],"user":["Lars Schmid"],"umph":[1652093009.0719],"ok":[true],"chunk":[32],"ex":[2],"e.ind":[1]}
,
{"type":["check_ps"],"time":["2022-05-09 12:44:17"],"user":["Lars Schmid"],"umph":[1652093057.4292],"ok":[true]}
,
{"type":["check_chunk"],"time":["2022-05-09 12:44:17"],"user":["Lars Schmid"],"umph":[1652093057.4691],"ok":[false],"chunk":[32],"ex":[2],"e.ind":[2],"code":["\njtrain3_la = filter(jtrain3, unem75 == 1)\njtrain3_ka = filter(jtrain3, unem75 == 1)\n"],"message":["\nYou have not made a correct assignment to jtrain3_ka in chunk 2_e."]}
,
{"type":["hint"],"time":["2022-05-09 12:44:24"],"user":["Lars Schmid"],"umph":[1652093064.8175],"ok":[true],"chunk":[32],"ex":[2],"e.ind":[2]}
,
{"type":["check_ps"],"time":["2022-05-09 12:44:38"],"user":["Lars Schmid"],"umph":[1652093078.4599],"ok":[true]}
,
{"type":["check_chunk"],"time":["2022-05-09 12:44:38"],"user":["Lars Schmid"],"umph":[1652093078.5029],"ok":[true],"chunk":[32],"ex":[2],"e.ind":[0],"code":["\njtrain3_la = filter(jtrain3, unem75 == 1)\njtrain3_ka = filter(jtrain3, unem75 == 0)\n"],"message":[""]}
,
{"type":["check_chunk"],"time":["2022-05-09 12:44:38"],"user":["Lars Schmid"],"umph":[1652093078.5159],"ok":[false],"chunk":[33],"ex":[2],"e.ind":[1],"code":["\n# enter your code here ...\n\nstargazer(reg1, reg2, reg_la, reg_ka,type=\"text\",keep.stat=c(\"n\"), column.labels = c(\"alle\",\"alle\", \"Lang Alo\",\"Kurz Alo\") )"],"message":["\nYou have not yet made an assignment to reg_la in chunk 2_e_2."]}
,
{"type":["check_ps"],"time":["2022-05-09 12:46:56"],"user":["Lars Schmid"],"umph":[1652093216.9922],"ok":[true]}
,
{"type":["check_chunk"],"time":["2022-05-09 12:46:57"],"user":["Lars Schmid"],"umph":[1652093217.3151],"ok":[true],"chunk":[33],"ex":[2],"e.ind":[0],"code":["\nreg_la <- lm(unem78 ~ train, data = jtrain3_la)\nreg_ka <- lm(unem78 ~ train, data = jtrain3_ka)\n\nstargazer(reg1, reg2, reg_la, reg_ka,type=\"text\",keep.stat=c(\"n\"), column.labels = c(\"alle\",\"alle\", \"Lang Alo\",\"Kurz Alo\") )"],"message":[""]}
,
{"type":["check_chunk"],"time":["2022-05-09 12:46:57"],"user":["Lars Schmid"],"umph":[1652093217.6425],"ok":[true],"chunk":[34],"ex":[2],"e.ind":[0],"code":["reg3 <- lm(unem78 ~ train + unem75 + train:unem75 , data=jtrain3)\nstargazer(reg_la, reg_ka, reg3, type=\"text\",keep.stat=c(\"n\"), column.labels = c(\"Lang Alo\",\"Kurz Alo\", \"alle\") )"],"message":[""]}
,
{"type":["check_chunk"],"time":["2022-05-09 12:46:57"],"user":["Lars Schmid"],"umph":[1652093217.6545],"ok":[false],"chunk":[35],"ex":[2],"e.ind":[1],"code":["\n# enter your code here ...\n"],"message":["\nYou have not yet entered all correct commands in chunk 2_f_2."]}
,
{"type":["check_ps"],"time":["2022-05-09 12:47:41"],"user":["Lars Schmid"],"umph":[1652093261.1173],"ok":[true]}
,
{"type":["check_chunk"],"time":["2022-05-09 12:47:41"],"user":["Lars Schmid"],"umph":[1652093261.1333],"ok":[true],"chunk":[35],"ex":[2],"e.ind":[0],"code":["\n\"nein\"\n"],"message":[""]}
,
{"type":["grade_ps"],"time":["2022-05-09 12:47:55"],"user":["Lars Schmid"],"umph":[1652093275.8364],"ok":[true]}
,
{"type":["init_ps"],"time":["2022-05-09 12:47:55"],"user":["Lars Schmid"],"umph":[1652093275.8535],"ok":[true]}
,
{"type":["check_chunk"],"time":["2022-05-09 12:47:56"],"user":["Lars Schmid"],"umph":[1652093276.6669],"ok":[true],"chunk":[1],"ex":[1],"e.ind":[0],"code":["library(wooldridge)\ndata(wage1)\nhead(wage1)\nskim(wage1)"],"message":[""]}
,
{"type":["check_chunk"],"time":["2022-05-09 12:47:56"],"user":["Lars Schmid"],"umph":[1652093276.694],"ok":[true],"chunk":[2],"ex":[1],"e.ind":[0],"code":["\nreg1 <- lm(wage~educ, data = wage1)\n\n\nsummary(reg1)\n"],"message":[""]}
,
{"type":["check_chunk"],"time":["2022-05-09 12:47:56"],"user":["Lars Schmid"],"umph":[1652093276.705],"ok":[true],"chunk":[3],"ex":[1],"e.ind":[0],"code":["\n\"nein\"\n"],"message":[""]}
,
{"type":["check_chunk"],"time":["2022-05-09 12:47:56"],"user":["Lars Schmid"],"umph":[1652093276.741],"ok":[true],"chunk":[4],"ex":[1],"e.ind":[0],"code":["wage1 %>%\n mutate(gender = ifelse(female==1,\"female\",\"male\")) %>%\n group_by(gender) %>%\n summarize(mean(educ))\n\n# enter your code here ...\n"],"message":[""]}
,
{"type":["check_chunk"],"time":["2022-05-09 12:47:56"],"user":["Lars Schmid"],"umph":[1652093276.7826],"ok":[true],"chunk":[5],"ex":[1],"e.ind":[0],"code":["grViz('digraph G {\n\nx [label=\"Ausbildungsjahre x\"]\ny [label=\"Stundenlohn y\"]\nw [label=\"maennlich\"]\n\nx -> y [label=\"+\"];\nw -> x [label=\"+\"];\nw -> y [label=\"+\"];\n}')"],"message":[""]}
,
{"type":["check_chunk"],"time":["2022-05-09 12:47:56"],"user":["Lars Schmid"],"umph":[1652093276.7946],"ok":[true],"chunk":[6],"ex":[1],"e.ind":[0],"code":["\n1\n"],"message":[""]}
,
{"type":["check_chunk"],"time":["2022-05-09 12:47:56"],"user":["Lars Schmid"],"umph":[1652093276.8136],"ok":[true],"chunk":[7],"ex":[1],"e.ind":[0],"code":["reg2 <- lm(wage ~ educ + female, data=wage1)\nsummary(reg2)"],"message":[""]}
,
{"type":["check_chunk"],"time":["2022-05-09 12:47:56"],"user":["Lars Schmid"],"umph":[1652093276.8596],"ok":[true],"chunk":[8],"ex":[1],"e.ind":[0],"code":["grViz('digraph G {\nx -> y [label=\"+\"];\nw -> y [label=\"+\"];\n}')"],"message":[""]}
,
{"type":["check_chunk"],"time":["2022-05-09 12:47:56"],"user":["Lars Schmid"],"umph":[1652093276.8706],"ok":[true],"chunk":[9],"ex":[1],"e.ind":[0],"code":["\n\"unverzerrt\"\n"],"message":[""]}
,
{"type":["check_chunk"],"time":["2022-05-09 12:47:57"],"user":["Lars Schmid"],"umph":[1652093277.6536],"ok":[true],"chunk":[10],"ex":[1],"e.ind":[0],"code":["########################################\n# Beispiel 1: w hat nur Einfluss auf y\n########################################\nset.seed(123)\nn <- 10000\nbeta1 <- 2 # wahrer kausaler effekt\nw <- rnorm(n,0,1)\nx <- rnorm(n,0,1)\ny <- beta1*x + w + rnorm(n,0,1)\n\n# Regression mit w als Kontrollvariable\nreg1 <- lm(y~x+w)\n# Regression ohne w als Kontrollvariable\nreg2 <- lm(y~x)\n# Zeige Ergbenisse nebeneinander\nlibrary(stargazer)\nstargazer(reg1, reg2, type=\"text\", digits=3, keep.stat=c(\"n\"))"],"message":[""]}
,
{"type":["check_chunk"],"time":["2022-05-09 12:47:57"],"user":["Lars Schmid"],"umph":[1652093277.9199],"ok":[true],"chunk":[11],"ex":[1],"e.ind":[0],"code":["########################################\n# Beispiel 2: w hat Einfluss auf y und x\n########################################\nset.seed(123)\nn <- 10000\nbeta1 <- 2 # wahrer kausaler effekt\nw <- rnorm(n,0,1)\nx <- rnorm(n,0,1) + w\ny <- beta1*x + w + rnorm(n,0,1)\n\n# Regression mit w als Kontrollvariable\nreg1 <- lm(y~x+w)\n# Regression ohne w als Kontrollvariable\nreg2 <- lm(y~x)\n# Zeige Ergbenisse nebeneinander\nstargazer(reg1, reg2, type=\"text\", digits=3, keep.stat=c(\"n\"))"],"message":[""]}
,
{"type":["check_chunk"],"time":["2022-05-09 12:47:57"],"user":["Lars Schmid"],"umph":[1652093277.9299],"ok":[true],"chunk":[12],"ex":[1],"e.ind":[0],"code":["\n\"nein\"\n"],"message":[""]}
,
{"type":["check_chunk"],"time":["2022-05-09 12:47:57"],"user":["Lars Schmid"],"umph":[1652093277.9433],"ok":[true],"chunk":[13],"ex":[1],"e.ind":[0],"code":["confint(lm(y~x))"],"message":[""]}
,
{"type":["check_chunk"],"time":["2022-05-09 12:47:57"],"user":["Lars Schmid"],"umph":[1652093277.9693],"ok":[true],"chunk":[14],"ex":[1],"e.ind":[0],"code":["\nconfint(lm(y~x), level = 0.99)\n"],"message":[""]}
,
{"type":["check_chunk"],"time":["2022-05-09 12:47:57"],"user":["Lars Schmid"],"umph":[1652093277.9767],"ok":[true],"chunk":[15],"ex":[1],"e.ind":[0],"code":["cor(wage1$exper,wage1$wage)"],"message":[""]}
,
{"type":["check_chunk"],"time":["2022-05-09 12:47:57"],"user":["Lars Schmid"],"umph":[1652093277.9837],"ok":[true],"chunk":[16],"ex":[1],"e.ind":[0],"code":["cor(wage1$exper,wage1$educ)"],"message":[""]}
,
{"type":["check_chunk"],"time":["2022-05-09 12:47:58"],"user":["Lars Schmid"],"umph":[1652093278.0247],"ok":[true],"chunk":[17],"ex":[1],"e.ind":[0],"code":["grViz('digraph G {\n\nx [label=\"Ausbildungsjahre x\"]\ny [label=\"Stundenlohn y\"]\nw [label=\"Arbeitserfahrung\"]\n\nx -> y [label=\"+\"];\nx -> w [label=\"-\"];\nw -> y [label=\"+\"];\n}')\n"],"message":[""]}
,
{"type":["check_chunk"],"time":["2022-05-09 12:47:58"],"user":["Lars Schmid"],"umph":[1652093278.0328],"ok":[true],"chunk":[18],"ex":[1],"e.ind":[0],"code":["coef(lm(wage~educ, data=wage1))"],"message":[""]}
,
{"type":["check_chunk"],"time":["2022-05-09 12:47:58"],"user":["Lars Schmid"],"umph":[1652093278.0473],"ok":[true],"chunk":[19],"ex":[1],"e.ind":[0],"code":["\n\"groesser\"\n"],"message":[""]}
,
{"type":["check_chunk"],"time":["2022-05-09 12:47:58"],"user":["Lars Schmid"],"umph":[1652093278.0573],"ok":[true],"chunk":[20],"ex":[1],"e.ind":[0],"code":["coef(lm(wage~educ+exper, data=wage1))"],"message":[""]}
,
{"type":["check_chunk"],"time":["2022-05-09 12:47:58"],"user":["Lars Schmid"],"umph":[1652093278.0693],"ok":[true],"chunk":[21],"ex":[1],"e.ind":[0],"code":["\n0.54\n"],"message":[""]}
,
{"type":["check_chunk"],"time":["2022-05-09 12:47:58"],"user":["Lars Schmid"],"umph":[1652093278.5761],"ok":[true],"chunk":[22],"ex":[1],"e.ind":[0],"code":["reg1 <- lm(wage ~ educ, data = wage1)\nreg2 <- lm(wage ~ educ + female + nonwhite, data=wage1)\n\nreg3 <- lm(wage ~ educ + female + nonwhite + exper, data = wage1)\n"],"message":[""]}
,
{"type":["check_chunk"],"time":["2022-05-09 12:47:58"],"user":["Lars Schmid"],"umph":[1652093278.9607],"ok":[true],"chunk":[23],"ex":[1],"e.ind":[0],"code":["stargazer( reg1, reg2, reg3 ,type = \"text\",  digits=2, omit.stat = c(\"f\",\"ser\"))"],"message":[""]}
,
{"type":["check_chunk"],"time":["2022-05-09 12:47:59"],"user":["Lars Schmid"],"umph":[1652093279.3602],"ok":[true],"chunk":[24],"ex":[2],"e.ind":[0],"code":["help(jtrain3)\ndata(jtrain3)\nhead(jtrain3)\nskim(jtrain3)"],"message":[""]}
,
{"type":["check_chunk"],"time":["2022-05-09 12:47:59"],"user":["Lars Schmid"],"umph":[1652093279.3752],"ok":[true],"chunk":[25],"ex":[2],"e.ind":[0],"code":["\nn_train = sum(jtrain3$train)\nn_train"],"message":[""]}
,
{"type":["check_chunk"],"time":["2022-05-09 12:47:59"],"user":["Lars Schmid"],"umph":[1652093279.3862],"ok":[true],"chunk":[26],"ex":[2],"e.ind":[0],"code":["\n2\n"],"message":[""]}
,
{"type":["check_chunk"],"time":["2022-05-09 12:47:59"],"user":["Lars Schmid"],"umph":[1652093279.4083],"ok":[true],"chunk":[27],"ex":[2],"e.ind":[0],"code":["\nreg1 <- lm(unem78 ~train , data = jtrain3)\n\n\nsummary(reg1)\n"],"message":[""]}
,
{"type":["check_chunk"],"time":["2022-05-09 12:47:59"],"user":["Lars Schmid"],"umph":[1652093279.4423],"ok":[true],"chunk":[28],"ex":[2],"e.ind":[0],"code":["jtrain3 %>% \n group_by(unem75) %>%\n summarize(mean(train), mean(unem78))\n\n# enter your code here ...\n"],"message":[""]}
,
{"type":["check_chunk"],"time":["2022-05-09 12:47:59"],"user":["Lars Schmid"],"umph":[1652093279.4833],"ok":[true],"chunk":[29],"ex":[2],"e.ind":[0],"code":["library(DiagrammeR)\ngrViz('digraph G {\n\nx [label=\"Weiterbildung in 1977\"]\ny [label=\"Arbeitslos in 1978\"]\nw [label=\"Arbeitslos in 1975\"]\n\nx -> y [label=\"?\"]\nw -> x [label=\"+\"]\nw -> y [label=\"+\"]\n}')"],"message":[""]}
,
{"type":["check_chunk"],"time":["2022-05-09 12:47:59"],"user":["Lars Schmid"],"umph":[1652093279.4953],"ok":[true],"chunk":[30],"ex":[2],"e.ind":[0],"code":["\n\"kleiner\"\n"],"message":[""]}
,
{"type":["check_chunk"],"time":["2022-05-09 12:47:59"],"user":["Lars Schmid"],"umph":[1652093279.5141],"ok":[true],"chunk":[31],"ex":[2],"e.ind":[0],"code":["\nreg2 <- lm(unem78 ~ train + unem75,  data = jtrain3)\nstargazer\n"],"message":[""]}
,
{"type":["check_chunk"],"time":["2022-05-09 12:47:59"],"user":["Lars Schmid"],"umph":[1652093279.5496],"ok":[true],"chunk":[32],"ex":[2],"e.ind":[0],"code":["\njtrain3_la = filter(jtrain3, unem75 == 1)\njtrain3_ka = filter(jtrain3, unem75 == 0)\n"],"message":[""]}
,
{"type":["check_chunk"],"time":["2022-05-09 12:48:00"],"user":["Lars Schmid"],"umph":[1652093280.3221],"ok":[true],"chunk":[33],"ex":[2],"e.ind":[0],"code":["\nreg_la <- lm(unem78 ~ train, data = jtrain3_la)\nreg_ka <- lm(unem78 ~ train, data = jtrain3_ka)\n\nstargazer(reg1, reg2, reg_la, reg_ka,type=\"text\",keep.stat=c(\"n\"), column.labels = c(\"alle\",\"alle\", \"Lang Alo\",\"Kurz Alo\") )"],"message":[""]}
,
{"type":["check_chunk"],"time":["2022-05-09 12:48:00"],"user":["Lars Schmid"],"umph":[1652093280.6499],"ok":[true],"chunk":[34],"ex":[2],"e.ind":[0],"code":["reg3 <- lm(unem78 ~ train + unem75 + train:unem75 , data=jtrain3)\nstargazer(reg_la, reg_ka, reg3, type=\"text\",keep.stat=c(\"n\"), column.labels = c(\"Lang Alo\",\"Kurz Alo\", \"alle\") )"],"message":[""]}
,
{"type":["check_chunk"],"time":["2022-05-09 12:48:00"],"user":["Lars Schmid"],"umph":[1652093280.6599],"ok":[true],"chunk":[35],"ex":[2],"e.ind":[0],"code":["\n\"nein\"\n"],"message":[""]}
,
